<?xml version="1.0" encoding="UTF-8"?>
<!-- Generated by org.testng.reporters.JUnitReportReporter -->
<testsuite hostname="inlen8520023665" failures="0" tests="3" name="com.selenium.part5.NewTest" time="0.012" errors="0" timestamp="2022-11-25T16:07:33 IST" skipped="0">
  <testcase classname="com.selenium.part5.NewTest" name="t" time="0.006"/>
  <system-out/>
  <testcase classname="com.selenium.part5.NewTest" name="testCase2" time="0.003"/>
  <system-out/>
  <testcase classname="com.selenium.part5.NewTest" name="testCase1" time="0.003"/>
  <system-out/>
</testsuite> <!-- com.selenium.part5.NewTest -->
