<?xml version="1.0" encoding="UTF-8"?>
<!-- Generated by org.testng.reporters.JUnitReportReporter -->
<testsuite hostname="inlen8520023665" failures="0" tests="1" name="com.selenium.part5.TestNGDemo" time="22.668" errors="0" timestamp="2022-11-25T15:51:06 IST" skipped="0">
  <testcase classname="com.selenium.part5.TestNGDemo" name="orangeHRM" time="22.668"/>
  <system-out/>
</testsuite> <!-- com.selenium.part5.TestNGDemo -->
