<?xml version="1.0" encoding="UTF-8"?>
<!-- Generated by org.testng.reporters.JUnitReportReporter -->
<testsuite hostname="inlen8520023665" failures="0" tests="2" name="com.selenium.part5.TestNGGrouping" time="0.017" errors="0" timestamp="2022-11-25T15:42:25 IST" skipped="0">
  <testcase classname="com.selenium.part5.TestNGGrouping" name="regressionl" time="0.001"/>
  <system-out/>
  <testcase classname="com.selenium.part5.TestNGGrouping" name="regression2" time="0.016"/>
  <system-out/>
</testsuite> <!-- com.selenium.part5.TestNGGrouping -->
